<?xml version="1.0" encoding="UTF-8"?>
<testsuite name="TaskTest" tests="7" skipped="0" failures="0" errors="0" timestamp="2016-05-03T04:33:45" hostname="pauls-MacBook-Air.local" time="0.36">
  <properties/>
  <testcase name="equals_returnsTrueIfDescriptionsAretheSame" classname="TaskTest" time="0.147"/>
  <testcase name="save_returnsTrueIfDescriptionsAretheSame" classname="TaskTest" time="0.092"/>
  <testcase name="all_InstantiatesEmpty" classname="TaskTest" time="0.015"/>
  <testcase name="save_assignsIdToObject" classname="TaskTest" time="0.025"/>
  <testcase name="Task_instantiatesCorrectly_true" classname="TaskTest" time="0.008"/>
  <testcase name="Task_instantiatesWithDescription_String" classname="TaskTest" time="0.009"/>
  <testcase name="find_findsTaskInDatabase_true" classname="TaskTest" time="0.063"/>
  <system-out><![CDATA[]]></system-out>
  <system-err><![CDATA[]]></system-err>
</testsuite>
